<?xml version="1.0" encoding="UTF-8"?>
<!-- Generated by org.testng.reporters.JUnitXMLReporter -->
<testsuite hostname="DESKTOP-3SUJPVT" ignored="0" name="FirefoxBrowserTest" tests="1" failures="1" timestamp="06 Sep 2018 09:14:10 GMT" time="46.34" errors="0">
  <testcase name="aceloginTest" time="44.977" classname="com.infofactors.verifyAceTest.AceLoginTest">
    <failure type="java.lang.AssertionError" message="expected [Teacher Dashboard] but found [Login]">
      <![CDATA[java.lang.AssertionError: expected [Teacher Dashboard] but found [Login]
at com.infofactors.verifyAceTest.AceLoginTest.aceloginTest(AceLoginTest.java:73)
at java.util.concurrent.FutureTask.run(FutureTask.java:266)
at java.util.concurrent.ThreadPoolExecutor.runWorker(ThreadPoolExecutor.java:1149)
at java.util.concurrent.ThreadPoolExecutor$Worker.run(ThreadPoolExecutor.java:624)
at java.lang.Thread.run(Thread.java:748)
... Removed 22 stack frames]]>
    </failure>
  </testcase> <!-- aceloginTest -->
</testsuite> <!-- FirefoxBrowserTest -->
